<?xml version="1.0" encoding="UTF-8"?>
<testng-results skipped="0" failed="0" ignored="0" total="1" passed="1">
  <reporter-output>
  </reporter-output>
  <suite name="suite" duration-ms="18099" started-at="2019-05-02T03:40:59Z" finished-at="2019-05-02T03:41:17Z">
    <groups>
      <group name="cucumber">
        <method signature="AbstractTestNGCucumberTests.feature(cucumber.api.testng.CucumberFeatureWrapper)[pri:0, instance:runner.TestRunner@5d624da6]" name="feature" class="cucumber.api.testng.AbstractTestNGCucumberTests"/>
      </group> <!-- cucumber -->
    </groups>
    <test name="xmltest" duration-ms="18099" started-at="2019-05-02T03:40:59Z" finished-at="2019-05-02T03:41:17Z">
      <class name="runner.TestRunner">
        <test-method status="PASS" signature="setUpClass()[pri:0, instance:runner.TestRunner@5d624da6]" name="setUpClass" is-config="true" duration-ms="155" started-at="2019-05-02T03:40:59Z" finished-at="2019-05-02T03:40:59Z">
          <reporter-output>
          </reporter-output>
        </test-method> <!-- setUpClass -->
        <test-method status="PASS" signature="feature(cucumber.api.testng.CucumberFeatureWrapper)[pri:0, instance:runner.TestRunner@5d624da6]" name="feature" duration-ms="17827" started-at="2019-05-02T03:40:59Z" description="Runs Cucumber Feature" data-provider="features" finished-at="2019-05-02T03:41:17Z">
          <params>
            <param index="0">
              <value>
                <![CDATA[Register login Feature]]>
              </value>
            </param>
          </params>
          <reporter-output>
          </reporter-output>
        </test-method> <!-- feature -->
        <test-method status="PASS" signature="tearDownClass()[pri:0, instance:runner.TestRunner@5d624da6]" name="tearDownClass" is-config="true" duration-ms="29" started-at="2019-05-02T03:41:17Z" finished-at="2019-05-02T03:41:17Z">
          <reporter-output>
          </reporter-output>
        </test-method> <!-- tearDownClass -->
      </class> <!-- runner.TestRunner -->
    </test> <!-- xmltest -->
  </suite> <!-- suite -->
</testng-results>
